make --dry-run --always-make --keep-going --print-directory
make: Entering directory '/mnt/c/Users/drm20/projects/cs480-assg1/sokoban-solver'
touch map.d
touch bf_search.d
 
touch astar.d
touch df_search.d
touch greedy_search.d
 
touch search.d
 
touch position.d
 
touch app.d
 
touch greedy_plus.d
 
cat map.d bf_search.d astar.d df_search.d greedy_search.d search.d position.d app.d greedy_plus.d > make.dep
 
g++ -g -std=c++2a -MMD -pthread -D_GLIBCXX_DEBUG -Wall -o map.o -c map.cpp
g++ -g -std=c++2a -MMD -pthread -D_GLIBCXX_DEBUG -Wall -o bf_search.o -c bf_search.cpp
g++ -g -std=c++2a -MMD -pthread -D_GLIBCXX_DEBUG -Wall -o astar.o -c astar.cpp
g++ -g -std=c++2a -MMD -pthread -D_GLIBCXX_DEBUG -Wall -o df_search.o -c df_search.cpp
g++ -g -std=c++2a -MMD -pthread -D_GLIBCXX_DEBUG -Wall -o greedy_search.o -c greedy_search.cpp
g++ -g -std=c++2a -MMD -pthread -D_GLIBCXX_DEBUG -Wall -o search.o -c search.cpp
g++ -g -std=c++2a -MMD -pthread -D_GLIBCXX_DEBUG -Wall -o position.o -c position.cpp
g++ -g -std=c++2a -MMD -pthread -D_GLIBCXX_DEBUG -Wall -o app.o -c app.cpp
g++ -g -std=c++2a -MMD -pthread -D_GLIBCXX_DEBUG -Wall -o greedy_plus.o -c greedy_plus.cpp
g++ -g -std=c++2a -MMD -pthread -D_GLIBCXX_DEBUG -Wall  -o sokoban-solver map.o bf_search.o astar.o df_search.o greedy_search.o search.o position.o app.o greedy_plus.o 
g++ -g -std=c++2a -MMD -pthread -D_GLIBCXX_DEBUG -Wall  -o unittest map.o bf_search.o astar.o df_search.o greedy_search.o search.o position.o app.o greedy_plus.o 
make: Leaving directory '/mnt/c/Users/drm20/projects/cs480-assg1/sokoban-solver'
 
